{"C:\\Users\\moses\\OneDrive\\Attachments\\Documents\\GitHub\\growth-forge-ai-44\\backend\\src\\config\\database.ts": {"path":"C:\\Users\\moses\\OneDrive\\Attachments\\Documents\\GitHub\\growth-forge-ai-44\\backend\\src\\config\\database.ts","statementMap":{"0":{"start":{"line":1,"column":0},"end":{"line":1,"column":26}},"1":{"start":{"line":2,"column":0},"end":{"line":2,"column":28}},"2":{"start":{"line":4,"column":0},"end":{"line":4,"column":16}},"3":{"start":{"line":6,"column":13},"end":{"line":8,"column":3}}},"fnMap":{},"branchMap":{},"s":{"0":1,"1":1,"2":1,"3":1},"f":{},"b":{}}
,"C:\\Users\\moses\\OneDrive\\Attachments\\Documents\\GitHub\\growth-forge-ai-44\\backend\\src\\controllers\\auth.controller.ts": {"path":"C:\\Users\\moses\\OneDrive\\Attachments\\Documents\\GitHub\\growth-forge-ai-44\\backend\\src\\controllers\\auth.controller.ts","statementMap":{"0":{"start":{"line":2,"column":0},"end":{"line":2,"column":30}},"1":{"start":{"line":3,"column":0},"end":{"line":3,"column":31}},"2":{"start":{"line":4,"column":0},"end":{"line":4,"column":42}},"3":{"start":{"line":6,"column":19},"end":{"line":6,"column":61}},"4":{"start":{"line":8,"column":22},"end":{"line":10,"column":1}},"5":{"start":{"line":9,"column":4},"end":{"line":9,"column":76}},"6":{"start":{"line":12,"column":24},"end":{"line":44,"column":2}},"7":{"start":{"line":12,"column":62},"end":{"line":44,"column":2}},"8":{"start":{"line":13,"column":48},"end":{"line":13,"column":56}},"9":{"start":{"line":15,"column":4},"end":{"line":43,"column":5}},"10":{"start":{"line":16,"column":27},"end":{"line":16,"column":92}},"11":{"start":{"line":17,"column":8},"end":{"line":19,"column":9}},"12":{"start":{"line":18,"column":12},"end":{"line":18,"column":76}},"13":{"start":{"line":21,"column":21},"end":{"line":21,"column":45}},"14":{"start":{"line":22,"column":31},"end":{"line":22,"column":64}},"15":{"start":{"line":24,"column":24},"end":{"line":26,"column":null}},"16":{"start":{"line":29,"column":22},"end":{"line":29,"column":77}},"17":{"start":{"line":31,"column":8},"end":{"line":39,"column":11}},"18":{"start":{"line":41,"column":8},"end":{"line":41,"column":29}},"19":{"start":{"line":42,"column":8},"end":{"line":42,"column":58}},"20":{"start":{"line":12,"column":13},"end":{"line":12,"column":24}},"21":{"start":{"line":46,"column":21},"end":{"line":75,"column":2}},"22":{"start":{"line":46,"column":59},"end":{"line":75,"column":2}},"23":{"start":{"line":47,"column":32},"end":{"line":47,"column":40}},"24":{"start":{"line":49,"column":4},"end":{"line":74,"column":5}},"25":{"start":{"line":50,"column":21},"end":{"line":50,"column":86}},"26":{"start":{"line":51,"column":8},"end":{"line":53,"column":9}},"27":{"start":{"line":52,"column":12},"end":{"line":52,"column":76}},"28":{"start":{"line":55,"column":24},"end":{"line":55,"column":77}},"29":{"start":{"line":56,"column":8},"end":{"line":58,"column":9}},"30":{"start":{"line":57,"column":12},"end":{"line":57,"column":76}},"31":{"start":{"line":60,"column":22},"end":{"line":60,"column":71}},"32":{"start":{"line":62,"column":8},"end":{"line":70,"column":11}},"33":{"start":{"line":72,"column":8},"end":{"line":72,"column":29}},"34":{"start":{"line":73,"column":8},"end":{"line":73,"column":58}},"35":{"start":{"line":46,"column":13},"end":{"line":46,"column":21}},"36":{"start":{"line":77,"column":26},"end":{"line":117,"column":2}},"37":{"start":{"line":77,"column":64},"end":{"line":117,"column":2}},"38":{"start":{"line":78,"column":53},"end":{"line":78,"column":61}},"39":{"start":{"line":80,"column":4},"end":{"line":116,"column":5}},"40":{"start":{"line":81,"column":19},"end":{"line":81,"column":84}},"41":{"start":{"line":83,"column":8},"end":{"line":99,"column":9}},"42":{"start":{"line":85,"column":28},"end":{"line":87,"column":null}},"43":{"start":{"line":89,"column":12},"end":{"line":89,"column":27}},"44":{"start":{"line":92,"column":12},"end":{"line":98,"column":13}},"45":{"start":{"line":93,"column":36},"end":{"line":95,"column":null}},"46":{"start":{"line":97,"column":16},"end":{"line":97,"column":35}},"47":{"start":{"line":101,"column":22},"end":{"line":101,"column":71}},"48":{"start":{"line":103,"column":8},"end":{"line":112,"column":11}},"49":{"start":{"line":114,"column":8},"end":{"line":114,"column":29}},"50":{"start":{"line":115,"column":8},"end":{"line":115,"column":58}},"51":{"start":{"line":77,"column":13},"end":{"line":77,"column":26}},"52":{"start":{"line":119,"column":26},"end":{"line":133,"column":2}},"53":{"start":{"line":119,"column":60},"end":{"line":133,"column":2}},"54":{"start":{"line":120,"column":4},"end":{"line":132,"column":5}},"55":{"start":{"line":121,"column":23},"end":{"line":121,"column":34}},"56":{"start":{"line":122,"column":21},"end":{"line":122,"column":121}},"57":{"start":{"line":124,"column":8},"end":{"line":126,"column":9}},"58":{"start":{"line":125,"column":12},"end":{"line":125,"column":71}},"59":{"start":{"line":128,"column":8},"end":{"line":128,"column":31}},"60":{"start":{"line":130,"column":8},"end":{"line":130,"column":29}},"61":{"start":{"line":131,"column":8},"end":{"line":131,"column":58}},"62":{"start":{"line":119,"column":13},"end":{"line":119,"column":26}},"63":{"start":{"line":135,"column":29},"end":{"line":154,"column":2}},"64":{"start":{"line":135,"column":63},"end":{"line":154,"column":2}},"65":{"start":{"line":136,"column":4},"end":{"line":153,"column":5}},"66":{"start":{"line":137,"column":23},"end":{"line":137,"column":34}},"67":{"start":{"line":138,"column":40},"end":{"line":138,"column":48}},"68":{"start":{"line":140,"column":28},"end":{"line":142,"column":null}},"69":{"start":{"line":145,"column":8},"end":{"line":147,"column":9}},"70":{"start":{"line":146,"column":12},"end":{"line":146,"column":71}},"71":{"start":{"line":149,"column":8},"end":{"line":149,"column":38}},"72":{"start":{"line":151,"column":8},"end":{"line":151,"column":29}},"73":{"start":{"line":152,"column":8},"end":{"line":152,"column":58}},"74":{"start":{"line":135,"column":13},"end":{"line":135,"column":29}}},"fnMap":{"0":{"name":"(anonymous_8)","decl":{"start":{"line":8,"column":22},"end":{"line":8,"column":23}},"loc":{"start":{"line":8,"column":55},"end":{"line":10,"column":1}}},"1":{"name":"(anonymous_9)","decl":{"start":{"line":12,"column":24},"end":{"line":12,"column":31}},"loc":{"start":{"line":12,"column":62},"end":{"line":44,"column":2}}},"2":{"name":"(anonymous_10)","decl":{"start":{"line":12,"column":62},"end":{"line":12,"column":null}},"loc":{"start":{"line":12,"column":62},"end":{"line":44,"column":1}}},"3":{"name":"(anonymous_11)","decl":{"start":{"line":46,"column":21},"end":{"line":46,"column":28}},"loc":{"start":{"line":46,"column":59},"end":{"line":75,"column":2}}},"4":{"name":"(anonymous_12)","decl":{"start":{"line":46,"column":59},"end":{"line":46,"column":null}},"loc":{"start":{"line":46,"column":59},"end":{"line":75,"column":1}}},"5":{"name":"(anonymous_13)","decl":{"start":{"line":77,"column":26},"end":{"line":77,"column":33}},"loc":{"start":{"line":77,"column":64},"end":{"line":117,"column":2}}},"6":{"name":"(anonymous_14)","decl":{"start":{"line":77,"column":64},"end":{"line":77,"column":null}},"loc":{"start":{"line":77,"column":64},"end":{"line":117,"column":1}}},"7":{"name":"(anonymous_15)","decl":{"start":{"line":119,"column":26},"end":{"line":119,"column":33}},"loc":{"start":{"line":119,"column":60},"end":{"line":133,"column":2}}},"8":{"name":"(anonymous_16)","decl":{"start":{"line":119,"column":60},"end":{"line":119,"column":null}},"loc":{"start":{"line":119,"column":60},"end":{"line":133,"column":1}}},"9":{"name":"(anonymous_17)","decl":{"start":{"line":135,"column":29},"end":{"line":135,"column":36}},"loc":{"start":{"line":135,"column":63},"end":{"line":154,"column":2}}},"10":{"name":"(anonymous_18)","decl":{"start":{"line":135,"column":63},"end":{"line":135,"column":null}},"loc":{"start":{"line":135,"column":63},"end":{"line":154,"column":1}}}},"branchMap":{"0":{"loc":{"start":{"line":6,"column":19},"end":{"line":6,"column":61}},"type":"binary-expr","locations":[{"start":{"line":6,"column":19},"end":{"line":6,"column":41}},{"start":{"line":6,"column":45},"end":{"line":6,"column":61}}]},"1":{"loc":{"start":{"line":17,"column":8},"end":{"line":19,"column":9}},"type":"if","locations":[{"start":{"line":17,"column":8},"end":{"line":19,"column":9}},{"start":{},"end":{}}]},"2":{"loc":{"start":{"line":26,"column":46},"end":{"line":26,"column":63}},"type":"binary-expr","locations":[{"start":{"line":26,"column":46},"end":{"line":26,"column":50}},{"start":{"line":26,"column":54},"end":{"line":26,"column":63}}]},"3":{"loc":{"start":{"line":51,"column":8},"end":{"line":53,"column":9}},"type":"if","locations":[{"start":{"line":51,"column":8},"end":{"line":53,"column":9}},{"start":{},"end":{}}]},"4":{"loc":{"start":{"line":56,"column":8},"end":{"line":58,"column":9}},"type":"if","locations":[{"start":{"line":56,"column":8},"end":{"line":58,"column":9}},{"start":{},"end":{}}]},"5":{"loc":{"start":{"line":83,"column":8},"end":{"line":99,"column":9}},"type":"if","locations":[{"start":{"line":83,"column":8},"end":{"line":99,"column":9}},{"start":{"line":90,"column":15},"end":{"line":99,"column":9}}]},"6":{"loc":{"start":{"line":92,"column":12},"end":{"line":98,"column":13}},"type":"if","locations":[{"start":{"line":92,"column":12},"end":{"line":98,"column":13}},{"start":{},"end":{}}]},"7":{"loc":{"start":{"line":124,"column":8},"end":{"line":126,"column":9}},"type":"if","locations":[{"start":{"line":124,"column":8},"end":{"line":126,"column":9}},{"start":{},"end":{}}]},"8":{"loc":{"start":{"line":145,"column":8},"end":{"line":147,"column":9}},"type":"if","locations":[{"start":{"line":145,"column":8},"end":{"line":147,"column":9}},{"start":{},"end":{}}]}},"s":{"0":1,"1":1,"2":1,"3":1,"4":1,"5":2,"6":1,"7":5,"8":5,"9":5,"10":5,"11":5,"12":4,"13":1,"14":1,"15":1,"16":1,"17":1,"18":0,"19":0,"20":1,"21":1,"22":3,"23":3,"24":3,"25":3,"26":3,"27":1,"28":2,"29":2,"30":1,"31":1,"32":1,"33":0,"34":0,"35":1,"36":1,"37":0,"38":0,"39":0,"40":0,"41":0,"42":0,"43":0,"44":0,"45":0,"46":0,"47":0,"48":0,"49":0,"50":0,"51":1,"52":1,"53":0,"54":0,"55":0,"56":0,"57":0,"58":0,"59":0,"60":0,"61":0,"62":1,"63":1,"64":0,"65":0,"66":0,"67":0,"68":0,"69":0,"70":0,"71":0,"72":0,"73":0,"74":1},"f":{"0":2,"1":5,"2":5,"3":3,"4":3,"5":0,"6":0,"7":0,"8":0,"9":0,"10":0},"b":{"0":[1,0],"1":[4,1],"2":[1,0],"3":[1,2],"4":[1,1],"5":[0,0],"6":[0,0],"7":[0,0],"8":[0,0]}}
,"C:\\Users\\moses\\OneDrive\\Attachments\\Documents\\GitHub\\growth-forge-ai-44\\backend\\src\\middleware\\auth.middleware.ts": {"path":"C:\\Users\\moses\\OneDrive\\Attachments\\Documents\\GitHub\\growth-forge-ai-44\\backend\\src\\middleware\\auth.middleware.ts","statementMap":{"0":{"start":{"line":2,"column":0},"end":{"line":2,"column":31}},"1":{"start":{"line":4,"column":19},"end":{"line":4,"column":61}},"2":{"start":{"line":10,"column":33},"end":{"line":25,"column":1}},"3":{"start":{"line":11,"column":23},"end":{"line":11,"column":51}},"4":{"start":{"line":12,"column":18},"end":{"line":12,"column":56}},"5":{"start":{"line":14,"column":4},"end":{"line":16,"column":5}},"6":{"start":{"line":15,"column":8},"end":{"line":15,"column":74}},"7":{"start":{"line":18,"column":4},"end":{"line":24,"column":7}},"8":{"start":{"line":19,"column":8},"end":{"line":21,"column":9}},"9":{"start":{"line":20,"column":12},"end":{"line":20,"column":81}},"10":{"start":{"line":22,"column":8},"end":{"line":22,"column":24}},"11":{"start":{"line":23,"column":8},"end":{"line":23,"column":15}},"12":{"start":{"line":10,"column":13},"end":{"line":10,"column":33}}},"fnMap":{"0":{"name":"(anonymous_1)","decl":{"start":{"line":10,"column":33},"end":{"line":10,"column":34}},"loc":{"start":{"line":10,"column":89},"end":{"line":25,"column":1}}},"1":{"name":"(anonymous_2)","decl":{"start":{"line":18,"column":34},"end":{"line":18,"column":35}},"loc":{"start":{"line":18,"column":58},"end":{"line":24,"column":5}}}},"branchMap":{"0":{"loc":{"start":{"line":4,"column":19},"end":{"line":4,"column":61}},"type":"binary-expr","locations":[{"start":{"line":4,"column":19},"end":{"line":4,"column":41}},{"start":{"line":4,"column":45},"end":{"line":4,"column":61}}]},"1":{"loc":{"start":{"line":12,"column":18},"end":{"line":12,"column":56}},"type":"binary-expr","locations":[{"start":{"line":12,"column":18},"end":{"line":12,"column":28}},{"start":{"line":12,"column":32},"end":{"line":12,"column":56}}]},"2":{"loc":{"start":{"line":14,"column":4},"end":{"line":16,"column":5}},"type":"if","locations":[{"start":{"line":14,"column":4},"end":{"line":16,"column":5}},{"start":{},"end":{}}]},"3":{"loc":{"start":{"line":19,"column":8},"end":{"line":21,"column":9}},"type":"if","locations":[{"start":{"line":19,"column":8},"end":{"line":21,"column":9}},{"start":{},"end":{}}]}},"s":{"0":1,"1":1,"2":1,"3":0,"4":0,"5":0,"6":0,"7":0,"8":0,"9":0,"10":0,"11":0,"12":1},"f":{"0":0,"1":0},"b":{"0":[1,0],"1":[0,0],"2":[0,0],"3":[0,0]}}
,"C:\\Users\\moses\\OneDrive\\Attachments\\Documents\\GitHub\\growth-forge-ai-44\\backend\\src\\routes\\auth.routes.ts": {"path":"C:\\Users\\moses\\OneDrive\\Attachments\\Documents\\GitHub\\growth-forge-ai-44\\backend\\src\\routes\\auth.routes.ts","statementMap":{"0":{"start":{"line":1,"column":0},"end":{"line":1,"column":33}},"1":{"start":{"line":2,"column":0},"end":{"line":2,"column":104}},"2":{"start":{"line":3,"column":0},"end":{"line":3,"column":66}},"3":{"start":{"line":5,"column":15},"end":{"line":5,"column":23}},"4":{"start":{"line":7,"column":0},"end":{"line":7,"column":35}},"5":{"start":{"line":8,"column":0},"end":{"line":8,"column":29}},"6":{"start":{"line":9,"column":0},"end":{"line":9,"column":35}},"7":{"start":{"line":10,"column":0},"end":{"line":10,"column":49}},"8":{"start":{"line":11,"column":0},"end":{"line":11,"column":57}},"9":{"start":{"line":13,"column":0},"end":{"line":13,"column":22}}},"fnMap":{},"branchMap":{},"s":{"0":1,"1":1,"2":1,"3":1,"4":1,"5":1,"6":1,"7":1,"8":1,"9":1},"f":{},"b":{}}
}
