TN:
SF:src\config\database.ts
FNF:0
FNH:0
DA:1,1
DA:2,1
DA:4,1
DA:6,1
LF:4
LH:4
BRF:0
BRH:0
end_of_record
TN:
SF:src\controllers\auth.controller.ts
FN:8,(anonymous_8)
FN:12,(anonymous_9)
FN:12,(anonymous_10)
FN:46,(anonymous_11)
FN:46,(anonymous_12)
FN:77,(anonymous_13)
FN:77,(anonymous_14)
FN:119,(anonymous_15)
FN:119,(anonymous_16)
FN:135,(anonymous_17)
FN:135,(anonymous_18)
FNF:11
FNH:5
FNDA:2,(anonymous_8)
FNDA:5,(anonymous_9)
FNDA:5,(anonymous_10)
FNDA:3,(anonymous_11)
FNDA:3,(anonymous_12)
FNDA:0,(anonymous_13)
FNDA:0,(anonymous_14)
FNDA:0,(anonymous_15)
FNDA:0,(anonymous_16)
FNDA:0,(anonymous_17)
FNDA:0,(anonymous_18)
DA:2,1
DA:3,1
DA:4,1
DA:6,1
DA:8,1
DA:9,2
DA:12,5
DA:13,5
DA:15,5
DA:16,5
DA:17,5
DA:18,4
DA:21,1
DA:22,1
DA:24,1
DA:29,1
DA:31,1
DA:41,0
DA:42,0
DA:46,3
DA:47,3
DA:49,3
DA:50,3
DA:51,3
DA:52,1
DA:55,2
DA:56,2
DA:57,1
DA:60,1
DA:62,1
DA:72,0
DA:73,0
DA:77,1
DA:78,0
DA:80,0
DA:81,0
DA:83,0
DA:85,0
DA:89,0
DA:92,0
DA:93,0
DA:97,0
DA:101,0
DA:103,0
DA:114,0
DA:115,0
DA:119,1
DA:120,0
DA:121,0
DA:122,0
DA:124,0
DA:125,0
DA:128,0
DA:130,0
DA:131,0
DA:135,1
DA:136,0
DA:137,0
DA:138,0
DA:140,0
DA:145,0
DA:146,0
DA:149,0
DA:151,0
DA:152,0
LF:65
LH:31
BRDA:6,0,0,1
BRDA:6,0,1,0
BRDA:17,1,0,4
BRDA:17,1,1,1
BRDA:26,2,0,1
BRDA:26,2,1,0
BRDA:51,3,0,1
BRDA:51,3,1,2
BRDA:56,4,0,1
BRDA:56,4,1,1
BRDA:83,5,0,0
BRDA:83,5,1,0
BRDA:92,6,0,0
BRDA:92,6,1,0
BRDA:124,7,0,0
BRDA:124,7,1,0
BRDA:145,8,0,0
BRDA:145,8,1,0
BRF:18
BRH:8
end_of_record
TN:
SF:src\middleware\auth.middleware.ts
FN:10,(anonymous_1)
FN:18,(anonymous_2)
FNF:2
FNH:0
FNDA:0,(anonymous_1)
FNDA:0,(anonymous_2)
DA:2,1
DA:4,1
DA:10,1
DA:11,0
DA:12,0
DA:14,0
DA:15,0
DA:18,0
DA:19,0
DA:20,0
DA:22,0
DA:23,0
LF:12
LH:3
BRDA:4,0,0,1
BRDA:4,0,1,0
BRDA:12,1,0,0
BRDA:12,1,1,0
BRDA:14,2,0,0
BRDA:14,2,1,0
BRDA:19,3,0,0
BRDA:19,3,1,0
BRF:8
BRH:1
end_of_record
TN:
SF:src\routes\auth.routes.ts
FNF:0
FNH:0
DA:1,1
DA:2,1
DA:3,1
DA:5,1
DA:7,1
DA:8,1
DA:9,1
DA:10,1
DA:11,1
DA:13,1
LF:10
LH:10
BRF:0
BRH:0
end_of_record
